<?xml version="1.0" encoding="UTF-8"?>
<!-- Generated by org.testng.reporters.JUnitReportReporter -->
<testsuite hostname="DESKTOP-8995CNM" failures="0" tests="1" name="in.at.tests.DBConnection" time="0.473" errors="0" timestamp="2021-03-20T07:20:51 IST" skipped="0">
  <testcase classname="in.at.tests.DBConnection" name="testDBConnection" time="0.473"/>
  <system-out/>
</testsuite> <!-- in.at.tests.DBConnection -->
