<?xml version="1.0" encoding="UTF-8"?>
<!-- Generated by org.testng.reporters.JUnitReportReporter -->
<testsuite hostname="DESKTOP-8995CNM" failures="0" tests="1" name="in.at.tests.Dummy" time="13.730" errors="0" timestamp="2021-03-13T07:26:00 IST" skipped="0">
  <testcase classname="in.at.tests.Dummy" name="ApplyDoctor" time="13.730"/>
  <system-out/>
</testsuite> <!-- in.at.tests.Dummy -->
